{"C:\\Users\\FreemaX94\\Desktop\\api-pousse\\backend\\controllers\\authController.js": {"path":"C:\\Users\\FreemaX94\\Desktop\\api-pousse\\backend\\controllers\\authController.js","statementMap":{"0":{"start":{"line":9,"column":2},"end":{"line":31,"column":3}},"1":{"start":{"line":10,"column":35},"end":{"line":10,"column":43}},"2":{"start":{"line":11,"column":4},"end":{"line":13,"column":5}},"3":{"start":{"line":12,"column":6},"end":{"line":12,"column":66}},"4":{"start":{"line":14,"column":4},"end":{"line":16,"column":5}},"5":{"start":{"line":15,"column":6},"end":{"line":15,"column":71}},"6":{"start":{"line":17,"column":4},"end":{"line":19,"column":5}},"7":{"start":{"line":18,"column":6},"end":{"line":18,"column":71}},"8":{"start":{"line":20,"column":19},"end":{"line":20,"column":51}},"9":{"start":{"line":21,"column":4},"end":{"line":23,"column":5}},"10":{"start":{"line":22,"column":6},"end":{"line":22,"column":56}},"11":{"start":{"line":24,"column":17},"end":{"line":24,"column":58}},"12":{"start":{"line":25,"column":4},"end":{"line":28,"column":7}},"13":{"start":{"line":30,"column":4},"end":{"line":30,"column":14}},"14":{"start":{"line":38,"column":2},"end":{"line":65,"column":3}},"15":{"start":{"line":39,"column":35},"end":{"line":39,"column":43}},"16":{"start":{"line":40,"column":4},"end":{"line":42,"column":5}},"17":{"start":{"line":41,"column":6},"end":{"line":41,"column":67}},"18":{"start":{"line":43,"column":17},"end":{"line":43,"column":49}},"19":{"start":{"line":44,"column":4},"end":{"line":46,"column":5}},"20":{"start":{"line":45,"column":6},"end":{"line":45,"column":52}},"21":{"start":{"line":47,"column":20},"end":{"line":47,"column":56}},"22":{"start":{"line":48,"column":4},"end":{"line":50,"column":5}},"23":{"start":{"line":49,"column":6},"end":{"line":49,"column":52}},"24":{"start":{"line":51,"column":18},"end":{"line":55,"column":5}},"25":{"start":{"line":56,"column":4},"end":{"line":61,"column":7}},"26":{"start":{"line":62,"column":4},"end":{"line":62,"column":43}},"27":{"start":{"line":64,"column":4},"end":{"line":64,"column":14}},"28":{"start":{"line":72,"column":2},"end":{"line":93,"column":3}},"29":{"start":{"line":73,"column":18},"end":{"line":73,"column":35}},"30":{"start":{"line":74,"column":4},"end":{"line":76,"column":5}},"31":{"start":{"line":75,"column":6},"end":{"line":75,"column":53}},"32":{"start":{"line":78,"column":4},"end":{"line":82,"column":5}},"33":{"start":{"line":79,"column":6},"end":{"line":79,"column":58}},"34":{"start":{"line":81,"column":6},"end":{"line":81,"column":46}},"35":{"start":{"line":83,"column":17},"end":{"line":83,"column":48}},"36":{"start":{"line":84,"column":4},"end":{"line":86,"column":5}},"37":{"start":{"line":85,"column":6},"end":{"line":85,"column":47}},"38":{"start":{"line":87,"column":4},"end":{"line":90,"column":7}},"39":{"start":{"line":92,"column":4},"end":{"line":92,"column":14}},"40":{"start":{"line":100,"column":2},"end":{"line":104,"column":5}},"41":{"start":{"line":105,"column":2},"end":{"line":105,"column":41}},"42":{"start":{"line":112,"column":20},"end":{"line":112,"column":30}},"43":{"start":{"line":113,"column":2},"end":{"line":115,"column":3}},"44":{"start":{"line":114,"column":4},"end":{"line":114,"column":73}},"45":{"start":{"line":116,"column":2},"end":{"line":130,"column":3}},"46":{"start":{"line":117,"column":20},"end":{"line":117,"column":61}},"47":{"start":{"line":118,"column":17},"end":{"line":118,"column":48}},"48":{"start":{"line":119,"column":4},"end":{"line":121,"column":5}},"49":{"start":{"line":120,"column":6},"end":{"line":120,"column":65}},"50":{"start":{"line":122,"column":4},"end":{"line":124,"column":5}},"51":{"start":{"line":123,"column":6},"end":{"line":123,"column":75}},"52":{"start":{"line":125,"column":4},"end":{"line":125,"column":28}},"53":{"start":{"line":126,"column":4},"end":{"line":126,"column":22}},"54":{"start":{"line":127,"column":4},"end":{"line":127,"column":67}},"55":{"start":{"line":129,"column":4},"end":{"line":129,"column":73}}},"fnMap":{"0":{"name":"register","decl":{"start":{"line":8,"column":22},"end":{"line":8,"column":30}},"loc":{"start":{"line":8,"column":47},"end":{"line":32,"column":1}},"line":8},"1":{"name":"login","decl":{"start":{"line":37,"column":22},"end":{"line":37,"column":27}},"loc":{"start":{"line":37,"column":44},"end":{"line":66,"column":1}},"line":37},"2":{"name":"me","decl":{"start":{"line":71,"column":22},"end":{"line":71,"column":24}},"loc":{"start":{"line":71,"column":41},"end":{"line":94,"column":1}},"line":71},"3":{"name":"logout","decl":{"start":{"line":99,"column":16},"end":{"line":99,"column":22}},"loc":{"start":{"line":99,"column":33},"end":{"line":106,"column":1}},"line":99},"4":{"name":"activate","decl":{"start":{"line":111,"column":22},"end":{"line":111,"column":30}},"loc":{"start":{"line":111,"column":41},"end":{"line":131,"column":1}},"line":111}},"branchMap":{"0":{"loc":{"start":{"line":11,"column":4},"end":{"line":13,"column":5}},"type":"if","locations":[{"start":{"line":11,"column":4},"end":{"line":13,"column":5}},{"start":{},"end":{}}],"line":11},"1":{"loc":{"start":{"line":11,"column":8},"end":{"line":11,"column":30}},"type":"binary-expr","locations":[{"start":{"line":11,"column":8},"end":{"line":11,"column":17}},{"start":{"line":11,"column":21},"end":{"line":11,"column":30}}],"line":11},"2":{"loc":{"start":{"line":14,"column":4},"end":{"line":16,"column":5}},"type":"if","locations":[{"start":{"line":14,"column":4},"end":{"line":16,"column":5}},{"start":{},"end":{}}],"line":14},"3":{"loc":{"start":{"line":17,"column":4},"end":{"line":19,"column":5}},"type":"if","locations":[{"start":{"line":17,"column":4},"end":{"line":19,"column":5}},{"start":{},"end":{}}],"line":17},"4":{"loc":{"start":{"line":21,"column":4},"end":{"line":23,"column":5}},"type":"if","locations":[{"start":{"line":21,"column":4},"end":{"line":23,"column":5}},{"start":{},"end":{}}],"line":21},"5":{"loc":{"start":{"line":40,"column":4},"end":{"line":42,"column":5}},"type":"if","locations":[{"start":{"line":40,"column":4},"end":{"line":42,"column":5}},{"start":{},"end":{}}],"line":40},"6":{"loc":{"start":{"line":40,"column":8},"end":{"line":40,"column":30}},"type":"binary-expr","locations":[{"start":{"line":40,"column":8},"end":{"line":40,"column":17}},{"start":{"line":40,"column":21},"end":{"line":40,"column":30}}],"line":40},"7":{"loc":{"start":{"line":44,"column":4},"end":{"line":46,"column":5}},"type":"if","locations":[{"start":{"line":44,"column":4},"end":{"line":46,"column":5}},{"start":{},"end":{}}],"line":44},"8":{"loc":{"start":{"line":48,"column":4},"end":{"line":50,"column":5}},"type":"if","locations":[{"start":{"line":48,"column":4},"end":{"line":50,"column":5}},{"start":{},"end":{}}],"line":48},"9":{"loc":{"start":{"line":54,"column":19},"end":{"line":54,"column":53}},"type":"binary-expr","locations":[{"start":{"line":54,"column":19},"end":{"line":54,"column":45}},{"start":{"line":54,"column":49},"end":{"line":54,"column":53}}],"line":54},"10":{"loc":{"start":{"line":74,"column":4},"end":{"line":76,"column":5}},"type":"if","locations":[{"start":{"line":74,"column":4},"end":{"line":76,"column":5}},{"start":{},"end":{}}],"line":74},"11":{"loc":{"start":{"line":84,"column":4},"end":{"line":86,"column":5}},"type":"if","locations":[{"start":{"line":84,"column":4},"end":{"line":86,"column":5}},{"start":{},"end":{}}],"line":84},"12":{"loc":{"start":{"line":113,"column":2},"end":{"line":115,"column":3}},"type":"if","locations":[{"start":{"line":113,"column":2},"end":{"line":115,"column":3}},{"start":{},"end":{}}],"line":113},"13":{"loc":{"start":{"line":119,"column":4},"end":{"line":121,"column":5}},"type":"if","locations":[{"start":{"line":119,"column":4},"end":{"line":121,"column":5}},{"start":{},"end":{}}],"line":119},"14":{"loc":{"start":{"line":122,"column":4},"end":{"line":124,"column":5}},"type":"if","locations":[{"start":{"line":122,"column":4},"end":{"line":124,"column":5}},{"start":{},"end":{}}],"line":122}},"s":{"0":2,"1":2,"2":2,"3":0,"4":2,"5":0,"6":2,"7":0,"8":2,"9":2,"10":1,"11":1,"12":1,"13":1,"14":3,"15":3,"16":3,"17":0,"18":3,"19":3,"20":1,"21":2,"22":2,"23":1,"24":1,"25":1,"26":1,"27":2,"28":0,"29":0,"30":0,"31":0,"32":0,"33":0,"34":0,"35":0,"36":0,"37":0,"38":0,"39":0,"40":0,"41":0,"42":2,"43":2,"44":0,"45":2,"46":2,"47":1,"48":1,"49":0,"50":1,"51":0,"52":1,"53":1,"54":1,"55":1},"f":{"0":2,"1":3,"2":0,"3":0,"4":2},"b":{"0":[0,2],"1":[2,2],"2":[0,2],"3":[0,2],"4":[1,1],"5":[0,3],"6":[3,3],"7":[1,2],"8":[1,1],"9":[1,1],"10":[0,0],"11":[0,0],"12":[0,2],"13":[0,1],"14":[0,1]},"_coverageSchema":"1a1c01bbd47fc00a2c39e90264f33305004495a9","hash":"b595326d799b46d7ca9a95985e9fd4cbbae5d447"}
,"C:\\Users\\FreemaX94\\Desktop\\api-pousse\\backend\\controllers\\deliveryController.js": {"path":"C:\\Users\\FreemaX94\\Desktop\\api-pousse\\backend\\controllers\\deliveryController.js","statementMap":{"0":{"start":{"line":4,"column":38},"end":{"line":10,"column":2}},"1":{"start":{"line":11,"column":30},"end":{"line":18,"column":1}},"2":{"start":{"line":12,"column":2},"end":{"line":17,"column":3}},"3":{"start":{"line":13,"column":14},"end":{"line":13,"column":52}},"4":{"start":{"line":14,"column":4},"end":{"line":14,"column":57}},"5":{"start":{"line":16,"column":4},"end":{"line":16,"column":14}},"6":{"start":{"line":20,"column":37},"end":{"line":26,"column":2}},"7":{"start":{"line":27,"column":29},"end":{"line":34,"column":1}},"8":{"start":{"line":28,"column":2},"end":{"line":33,"column":3}},"9":{"start":{"line":29,"column":27},"end":{"line":29,"column":66}},"10":{"start":{"line":30,"column":4},"end":{"line":30,"column":48}},"11":{"start":{"line":32,"column":4},"end":{"line":32,"column":14}}},"fnMap":{"0":{"name":"(anonymous_0)","decl":{"start":{"line":11,"column":30},"end":{"line":11,"column":31}},"loc":{"start":{"line":11,"column":56},"end":{"line":18,"column":1}},"line":11},"1":{"name":"(anonymous_1)","decl":{"start":{"line":27,"column":29},"end":{"line":27,"column":30}},"loc":{"start":{"line":27,"column":55},"end":{"line":34,"column":1}},"line":27}},"branchMap":{},"s":{"0":4,"1":4,"2":0,"3":0,"4":0,"5":0,"6":4,"7":4,"8":0,"9":0,"10":0,"11":0},"f":{"0":0,"1":0},"b":{},"_coverageSchema":"1a1c01bbd47fc00a2c39e90264f33305004495a9","hash":"01495dd4d79fb4c74d75a0e58c560f51707ed5ab"}
,"C:\\Users\\FreemaX94\\Desktop\\api-pousse\\backend\\middlewares\\adminMiddleware.js": {"path":"C:\\Users\\FreemaX94\\Desktop\\api-pousse\\backend\\middlewares\\adminMiddleware.js","statementMap":{"0":{"start":{"line":4,"column":2},"end":{"line":6,"column":3}},"1":{"start":{"line":5,"column":4},"end":{"line":5,"column":65}},"2":{"start":{"line":7,"column":2},"end":{"line":9,"column":3}},"3":{"start":{"line":8,"column":4},"end":{"line":8,"column":76}},"4":{"start":{"line":10,"column":2},"end":{"line":10,"column":9}}},"fnMap":{"0":{"name":"adminMiddleware","decl":{"start":{"line":3,"column":24},"end":{"line":3,"column":39}},"loc":{"start":{"line":3,"column":56},"end":{"line":11,"column":1}},"line":3}},"branchMap":{"0":{"loc":{"start":{"line":4,"column":2},"end":{"line":6,"column":3}},"type":"if","locations":[{"start":{"line":4,"column":2},"end":{"line":6,"column":3}},{"start":{},"end":{}}],"line":4},"1":{"loc":{"start":{"line":7,"column":2},"end":{"line":9,"column":3}},"type":"if","locations":[{"start":{"line":7,"column":2},"end":{"line":9,"column":3}},{"start":{},"end":{}}],"line":7}},"s":{"0":0,"1":0,"2":0,"3":0,"4":0},"f":{"0":0},"b":{"0":[0,0],"1":[0,0]},"_coverageSchema":"1a1c01bbd47fc00a2c39e90264f33305004495a9","hash":"09aee6ed0e769bfa72b4866a1a4adf6af755c943"}
,"C:\\Users\\FreemaX94\\Desktop\\api-pousse\\backend\\middlewares\\authMiddleware.js": {"path":"C:\\Users\\FreemaX94\\Desktop\\api-pousse\\backend\\middlewares\\authMiddleware.js","statementMap":{"0":{"start":{"line":9,"column":21},"end":{"line":9,"column":46}},"1":{"start":{"line":10,"column":16},"end":{"line":10,"column":78}},"2":{"start":{"line":12,"column":2},"end":{"line":14,"column":3}},"3":{"start":{"line":13,"column":4},"end":{"line":13,"column":51}},"4":{"start":{"line":16,"column":2},"end":{"line":18,"column":3}},"5":{"start":{"line":17,"column":4},"end":{"line":17,"column":63}},"6":{"start":{"line":20,"column":2},"end":{"line":36,"column":3}},"7":{"start":{"line":21,"column":20},"end":{"line":21,"column":61}},"8":{"start":{"line":22,"column":17},"end":{"line":22,"column":68}},"9":{"start":{"line":23,"column":4},"end":{"line":25,"column":5}},"10":{"start":{"line":24,"column":6},"end":{"line":24,"column":47}},"11":{"start":{"line":26,"column":4},"end":{"line":26,"column":20}},"12":{"start":{"line":27,"column":4},"end":{"line":27,"column":11}},"13":{"start":{"line":29,"column":4},"end":{"line":31,"column":5}},"14":{"start":{"line":30,"column":6},"end":{"line":30,"column":53}},"15":{"start":{"line":32,"column":4},"end":{"line":34,"column":5}},"16":{"start":{"line":33,"column":6},"end":{"line":33,"column":53}},"17":{"start":{"line":35,"column":4},"end":{"line":35,"column":14}}},"fnMap":{"0":{"name":"authMiddleware","decl":{"start":{"line":8,"column":30},"end":{"line":8,"column":44}},"loc":{"start":{"line":8,"column":61},"end":{"line":37,"column":1}},"line":8}},"branchMap":{"0":{"loc":{"start":{"line":10,"column":16},"end":{"line":10,"column":78}},"type":"binary-expr","locations":[{"start":{"line":10,"column":16},"end":{"line":10,"column":34}},{"start":{"line":10,"column":39},"end":{"line":10,"column":49}},{"start":{"line":10,"column":53},"end":{"line":10,"column":77}}],"line":10},"1":{"loc":{"start":{"line":12,"column":2},"end":{"line":14,"column":3}},"type":"if","locations":[{"start":{"line":12,"column":2},"end":{"line":14,"column":3}},{"start":{},"end":{}}],"line":12},"2":{"loc":{"start":{"line":16,"column":2},"end":{"line":18,"column":3}},"type":"if","locations":[{"start":{"line":16,"column":2},"end":{"line":18,"column":3}},{"start":{},"end":{}}],"line":16},"3":{"loc":{"start":{"line":23,"column":4},"end":{"line":25,"column":5}},"type":"if","locations":[{"start":{"line":23,"column":4},"end":{"line":25,"column":5}},{"start":{},"end":{}}],"line":23},"4":{"loc":{"start":{"line":29,"column":4},"end":{"line":31,"column":5}},"type":"if","locations":[{"start":{"line":29,"column":4},"end":{"line":31,"column":5}},{"start":{},"end":{}}],"line":29},"5":{"loc":{"start":{"line":32,"column":4},"end":{"line":34,"column":5}},"type":"if","locations":[{"start":{"line":32,"column":4},"end":{"line":34,"column":5}},{"start":{},"end":{}}],"line":32}},"s":{"0":1,"1":1,"2":1,"3":0,"4":1,"5":0,"6":1,"7":1,"8":0,"9":0,"10":0,"11":0,"12":0,"13":1,"14":0,"15":1,"16":1,"17":0},"f":{"0":1},"b":{"0":[1,0,0],"1":[0,1],"2":[0,1],"3":[0,0],"4":[0,1],"5":[1,0]},"_coverageSchema":"1a1c01bbd47fc00a2c39e90264f33305004495a9","hash":"e66b35746868dbf288794b2cad345cf2fa041ac5"}
,"C:\\Users\\FreemaX94\\Desktop\\api-pousse\\backend\\models\\contractModel.js": {"path":"C:\\Users\\FreemaX94\\Desktop\\api-pousse\\backend\\models\\contractModel.js","statementMap":{"0":{"start":{"line":2,"column":19},"end":{"line":2,"column":27}},"1":{"start":{"line":4,"column":23},"end":{"line":10,"column":24}},"2":{"start":{"line":12,"column":0},"end":{"line":17,"column":3}},"3":{"start":{"line":13,"column":2},"end":{"line":15,"column":3}},"4":{"start":{"line":14,"column":4},"end":{"line":14,"column":65}},"5":{"start":{"line":16,"column":2},"end":{"line":16,"column":9}}},"fnMap":{"0":{"name":"(anonymous_0)","decl":{"start":{"line":12,"column":27},"end":{"line":12,"column":28}},"loc":{"start":{"line":12,"column":42},"end":{"line":17,"column":1}},"line":12}},"branchMap":{"0":{"loc":{"start":{"line":13,"column":2},"end":{"line":15,"column":3}},"type":"if","locations":[{"start":{"line":13,"column":2},"end":{"line":15,"column":3}},{"start":{},"end":{}}],"line":13}},"s":{"0":1,"1":1,"2":1,"3":1,"4":0,"5":1},"f":{"0":1},"b":{"0":[0,1]},"_coverageSchema":"1a1c01bbd47fc00a2c39e90264f33305004495a9","hash":"349f5ed33937134ea91d436c8a15b73f76eaaa51"}
,"C:\\Users\\FreemaX94\\Desktop\\api-pousse\\backend\\models\\deliveryModel.js": {"path":"C:\\Users\\FreemaX94\\Desktop\\api-pousse\\backend\\models\\deliveryModel.js","statementMap":{"0":{"start":{"line":2,"column":19},"end":{"line":2,"column":27}},"1":{"start":{"line":4,"column":23},"end":{"line":9,"column":24}}},"fnMap":{},"branchMap":{},"s":{"0":4,"1":4},"f":{},"b":{},"_coverageSchema":"1a1c01bbd47fc00a2c39e90264f33305004495a9","hash":"df460cb988b12f503273f3ca5edba738d9882914"}
,"C:\\Users\\FreemaX94\\Desktop\\api-pousse\\backend\\models\\userModel.js": {"path":"C:\\Users\\FreemaX94\\Desktop\\api-pousse\\backend\\models\\userModel.js","statementMap":{"0":{"start":{"line":3,"column":19},"end":{"line":3,"column":27}},"1":{"start":{"line":5,"column":19},"end":{"line":27,"column":24}},"2":{"start":{"line":29,"column":0},"end":{"line":35,"column":3}},"3":{"start":{"line":30,"column":2},"end":{"line":30,"column":50}},"4":{"start":{"line":30,"column":36},"end":{"line":30,"column":50}},"5":{"start":{"line":31,"column":17},"end":{"line":31,"column":67}},"6":{"start":{"line":32,"column":15},"end":{"line":32,"column":43}},"7":{"start":{"line":33,"column":2},"end":{"line":33,"column":57}},"8":{"start":{"line":34,"column":2},"end":{"line":34,"column":9}},"9":{"start":{"line":37,"column":0},"end":{"line":39,"column":2}},"10":{"start":{"line":38,"column":2},"end":{"line":38,"column":50}}},"fnMap":{"0":{"name":"(anonymous_0)","decl":{"start":{"line":29,"column":23},"end":{"line":29,"column":24}},"loc":{"start":{"line":29,"column":44},"end":{"line":35,"column":1}},"line":29},"1":{"name":"(anonymous_1)","decl":{"start":{"line":37,"column":37},"end":{"line":37,"column":38}},"loc":{"start":{"line":37,"column":57},"end":{"line":39,"column":1}},"line":37}},"branchMap":{"0":{"loc":{"start":{"line":30,"column":2},"end":{"line":30,"column":50}},"type":"if","locations":[{"start":{"line":30,"column":2},"end":{"line":30,"column":50}},{"start":{},"end":{}}],"line":30},"1":{"loc":{"start":{"line":31,"column":17},"end":{"line":31,"column":67}},"type":"binary-expr","locations":[{"start":{"line":31,"column":17},"end":{"line":31,"column":61}},{"start":{"line":31,"column":65},"end":{"line":31,"column":67}}],"line":31}},"s":{"0":4,"1":4,"2":4,"3":4,"4":1,"5":3,"6":3,"7":3,"8":3,"9":4,"10":2},"f":{"0":4,"1":2},"b":{"0":[1,3],"1":[3,3]},"_coverageSchema":"1a1c01bbd47fc00a2c39e90264f33305004495a9","hash":"6219fdabd2059f2e1ee2c15a118e2210496ef4c6"}
,"C:\\Users\\FreemaX94\\Desktop\\api-pousse\\backend\\models\\vehicleModel.js": {"path":"C:\\Users\\FreemaX94\\Desktop\\api-pousse\\backend\\models\\vehicleModel.js","statementMap":{"0":{"start":{"line":2,"column":19},"end":{"line":2,"column":27}},"1":{"start":{"line":4,"column":22},"end":{"line":8,"column":24}}},"fnMap":{},"branchMap":{},"s":{"0":1,"1":1},"f":{},"b":{},"_coverageSchema":"1a1c01bbd47fc00a2c39e90264f33305004495a9","hash":"a5bb8bc897ef37b73fe0b56f77364cf6388acc8e"}
,"C:\\Users\\FreemaX94\\Desktop\\api-pousse\\backend\\routes\\authRoutes.js": {"path":"C:\\Users\\FreemaX94\\Desktop\\api-pousse\\backend\\routes\\authRoutes.js","statementMap":{"0":{"start":{"line":11,"column":15},"end":{"line":11,"column":31}},"1":{"start":{"line":13,"column":0},"end":{"line":13,"column":35}},"2":{"start":{"line":14,"column":0},"end":{"line":14,"column":29}},"3":{"start":{"line":15,"column":0},"end":{"line":15,"column":41}},"4":{"start":{"line":16,"column":0},"end":{"line":16,"column":38}},"5":{"start":{"line":17,"column":0},"end":{"line":17,"column":47}}},"fnMap":{},"branchMap":{},"s":{"0":4,"1":4,"2":4,"3":4,"4":4,"5":4},"f":{},"b":{},"_coverageSchema":"1a1c01bbd47fc00a2c39e90264f33305004495a9","hash":"c32cdff37e547e50b525aeda126b0e7cd624d529"}
,"C:\\Users\\FreemaX94\\Desktop\\api-pousse\\backend\\routes\\deliveryRoutes.js": {"path":"C:\\Users\\FreemaX94\\Desktop\\api-pousse\\backend\\routes\\deliveryRoutes.js","statementMap":{"0":{"start":{"line":6,"column":15},"end":{"line":6,"column":31}},"1":{"start":{"line":8,"column":0},"end":{"line":8,"column":90}},"2":{"start":{"line":9,"column":0},"end":{"line":9,"column":70}}},"fnMap":{},"branchMap":{},"s":{"0":4,"1":4,"2":4},"f":{},"b":{},"_coverageSchema":"1a1c01bbd47fc00a2c39e90264f33305004495a9","hash":"bfad73e8d0bfd742678612cae71052983d3240ed"}
,"C:\\Users\\FreemaX94\\Desktop\\api-pousse\\backend\\routes\\server.js": {"path":"C:\\Users\\FreemaX94\\Desktop\\api-pousse\\backend\\routes\\server.js","statementMap":{"0":{"start":{"line":9,"column":18},"end":{"line":9,"column":26}},"1":{"start":{"line":10,"column":25},"end":{"line":10,"column":39}},"2":{"start":{"line":11,"column":0},"end":{"line":13,"column":2}},"3":{"start":{"line":12,"column":2},"end":{"line":12,"column":37}},"4":{"start":{"line":14,"column":0},"end":{"line":14,"column":54}},"5":{"start":{"line":16,"column":15},"end":{"line":16,"column":31}},"6":{"start":{"line":18,"column":0},"end":{"line":18,"column":32}},"7":{"start":{"line":19,"column":0},"end":{"line":19,"column":42}},"8":{"start":{"line":23,"column":0},"end":{"line":25,"column":3}},"9":{"start":{"line":24,"column":2},"end":{"line":24,"column":38}}},"fnMap":{"0":{"name":"(anonymous_0)","decl":{"start":{"line":11,"column":17},"end":{"line":11,"column":18}},"loc":{"start":{"line":11,"column":33},"end":{"line":13,"column":1}},"line":11},"1":{"name":"(anonymous_1)","decl":{"start":{"line":23,"column":11},"end":{"line":23,"column":12}},"loc":{"start":{"line":23,"column":31},"end":{"line":25,"column":1}},"line":23}},"branchMap":{},"s":{"0":4,"1":4,"2":4,"3":1,"4":4,"5":4,"6":4,"7":4,"8":4,"9":1},"f":{"0":1,"1":1},"b":{},"_coverageSchema":"1a1c01bbd47fc00a2c39e90264f33305004495a9","hash":"f399bbfc3f8b1fb3a27b8d54a382e577c3c1f5c9"}
,"C:\\Users\\FreemaX94\\Desktop\\api-pousse\\backend\\services\\deliveryService.js": {"path":"C:\\Users\\FreemaX94\\Desktop\\api-pousse\\backend\\services\\deliveryService.js","statementMap":{"0":{"start":{"line":13,"column":2},"end":{"line":15,"column":3}},"1":{"start":{"line":14,"column":4},"end":{"line":14,"column":46}},"2":{"start":{"line":16,"column":2},"end":{"line":18,"column":3}},"3":{"start":{"line":17,"column":4},"end":{"line":17,"column":48}},"4":{"start":{"line":19,"column":2},"end":{"line":21,"column":3}},"5":{"start":{"line":20,"column":4},"end":{"line":20,"column":53}},"6":{"start":{"line":23,"column":15},"end":{"line":27,"column":3}},"7":{"start":{"line":29,"column":19},"end":{"line":29,"column":46}},"8":{"start":{"line":30,"column":2},"end":{"line":30,"column":28}},"9":{"start":{"line":39,"column":12},"end":{"line":39,"column":14}},"10":{"start":{"line":40,"column":2},"end":{"line":40,"column":31}},"11":{"start":{"line":40,"column":14},"end":{"line":40,"column":31}},"12":{"start":{"line":41,"column":2},"end":{"line":41,"column":35}},"13":{"start":{"line":50,"column":12},"end":{"line":50,"column":14}},"14":{"start":{"line":51,"column":2},"end":{"line":51,"column":31}},"15":{"start":{"line":51,"column":14},"end":{"line":51,"column":31}},"16":{"start":{"line":53,"column":15},"end":{"line":53,"column":46}},"17":{"start":{"line":54,"column":26},"end":{"line":61,"column":4}},"18":{"start":{"line":63,"column":2},"end":{"line":63,"column":47}},"19":{"start":{"line":72,"column":2},"end":{"line":74,"column":3}},"20":{"start":{"line":73,"column":4},"end":{"line":73,"column":54}},"21":{"start":{"line":75,"column":19},"end":{"line":75,"column":53}},"22":{"start":{"line":76,"column":2},"end":{"line":78,"column":3}},"23":{"start":{"line":77,"column":4},"end":{"line":77,"column":51}},"24":{"start":{"line":79,"column":2},"end":{"line":79,"column":17}},"25":{"start":{"line":89,"column":2},"end":{"line":91,"column":3}},"26":{"start":{"line":90,"column":4},"end":{"line":90,"column":54}},"27":{"start":{"line":92,"column":18},"end":{"line":92,"column":20}},"28":{"start":{"line":93,"column":2},"end":{"line":98,"column":3}},"29":{"start":{"line":94,"column":4},"end":{"line":96,"column":5}},"30":{"start":{"line":95,"column":6},"end":{"line":95,"column":48}},"31":{"start":{"line":97,"column":4},"end":{"line":97,"column":34}},"32":{"start":{"line":99,"column":2},"end":{"line":104,"column":3}},"33":{"start":{"line":100,"column":4},"end":{"line":102,"column":5}},"34":{"start":{"line":101,"column":6},"end":{"line":101,"column":50}},"35":{"start":{"line":103,"column":4},"end":{"line":103,"column":38}},"36":{"start":{"line":105,"column":2},"end":{"line":107,"column":3}},"37":{"start":{"line":106,"column":4},"end":{"line":106,"column":56}},"38":{"start":{"line":108,"column":2},"end":{"line":110,"column":3}},"39":{"start":{"line":109,"column":4},"end":{"line":109,"column":34}},"40":{"start":{"line":112,"column":18},"end":{"line":116,"column":10}},"41":{"start":{"line":118,"column":2},"end":{"line":120,"column":3}},"42":{"start":{"line":119,"column":4},"end":{"line":119,"column":51}},"43":{"start":{"line":121,"column":2},"end":{"line":121,"column":16}},"44":{"start":{"line":130,"column":2},"end":{"line":132,"column":3}},"45":{"start":{"line":131,"column":4},"end":{"line":131,"column":54}},"46":{"start":{"line":133,"column":18},"end":{"line":133,"column":61}},"47":{"start":{"line":134,"column":2},"end":{"line":136,"column":3}},"48":{"start":{"line":135,"column":4},"end":{"line":135,"column":51}},"49":{"start":{"line":137,"column":2},"end":{"line":137,"column":16}}},"fnMap":{"0":{"name":"createDelivery","decl":{"start":{"line":11,"column":22},"end":{"line":11,"column":36}},"loc":{"start":{"line":11,"column":75},"end":{"line":31,"column":1}},"line":11},"1":{"name":"countDeliveries","decl":{"start":{"line":38,"column":22},"end":{"line":38,"column":37}},"loc":{"start":{"line":38,"column":55},"end":{"line":42,"column":1}},"line":38},"2":{"name":"listDeliveries","decl":{"start":{"line":49,"column":22},"end":{"line":49,"column":36}},"loc":{"start":{"line":49,"column":76},"end":{"line":64,"column":1}},"line":49},"3":{"name":"getDeliveryById","decl":{"start":{"line":71,"column":22},"end":{"line":71,"column":37}},"loc":{"start":{"line":71,"column":42},"end":{"line":80,"column":1}},"line":71},"4":{"name":"updateDelivery","decl":{"start":{"line":88,"column":22},"end":{"line":88,"column":36}},"loc":{"start":{"line":88,"column":49},"end":{"line":122,"column":1}},"line":88},"5":{"name":"deleteDelivery","decl":{"start":{"line":129,"column":22},"end":{"line":129,"column":36}},"loc":{"start":{"line":129,"column":41},"end":{"line":138,"column":1}},"line":129}},"branchMap":{"0":{"loc":{"start":{"line":13,"column":2},"end":{"line":15,"column":3}},"type":"if","locations":[{"start":{"line":13,"column":2},"end":{"line":15,"column":3}},{"start":{},"end":{}}],"line":13},"1":{"loc":{"start":{"line":16,"column":2},"end":{"line":18,"column":3}},"type":"if","locations":[{"start":{"line":16,"column":2},"end":{"line":18,"column":3}},{"start":{},"end":{}}],"line":16},"2":{"loc":{"start":{"line":19,"column":2},"end":{"line":21,"column":3}},"type":"if","locations":[{"start":{"line":19,"column":2},"end":{"line":21,"column":3}},{"start":{},"end":{}}],"line":19},"3":{"loc":{"start":{"line":38,"column":38},"end":{"line":38,"column":53}},"type":"default-arg","locations":[{"start":{"line":38,"column":51},"end":{"line":38,"column":53}}],"line":38},"4":{"loc":{"start":{"line":40,"column":2},"end":{"line":40,"column":31}},"type":"if","locations":[{"start":{"line":40,"column":2},"end":{"line":40,"column":31}},{"start":{},"end":{}}],"line":40},"5":{"loc":{"start":{"line":49,"column":37},"end":{"line":49,"column":74}},"type":"default-arg","locations":[{"start":{"line":49,"column":72},"end":{"line":49,"column":74}}],"line":49},"6":{"loc":{"start":{"line":49,"column":47},"end":{"line":49,"column":55}},"type":"default-arg","locations":[{"start":{"line":49,"column":54},"end":{"line":49,"column":55}}],"line":49},"7":{"loc":{"start":{"line":49,"column":57},"end":{"line":49,"column":67}},"type":"default-arg","locations":[{"start":{"line":49,"column":65},"end":{"line":49,"column":67}}],"line":49},"8":{"loc":{"start":{"line":51,"column":2},"end":{"line":51,"column":31}},"type":"if","locations":[{"start":{"line":51,"column":2},"end":{"line":51,"column":31}},{"start":{},"end":{}}],"line":51},"9":{"loc":{"start":{"line":72,"column":2},"end":{"line":74,"column":3}},"type":"if","locations":[{"start":{"line":72,"column":2},"end":{"line":74,"column":3}},{"start":{},"end":{}}],"line":72},"10":{"loc":{"start":{"line":76,"column":2},"end":{"line":78,"column":3}},"type":"if","locations":[{"start":{"line":76,"column":2},"end":{"line":78,"column":3}},{"start":{},"end":{}}],"line":76},"11":{"loc":{"start":{"line":89,"column":2},"end":{"line":91,"column":3}},"type":"if","locations":[{"start":{"line":89,"column":2},"end":{"line":91,"column":3}},{"start":{},"end":{}}],"line":89},"12":{"loc":{"start":{"line":93,"column":2},"end":{"line":98,"column":3}},"type":"if","locations":[{"start":{"line":93,"column":2},"end":{"line":98,"column":3}},{"start":{},"end":{}}],"line":93},"13":{"loc":{"start":{"line":94,"column":4},"end":{"line":96,"column":5}},"type":"if","locations":[{"start":{"line":94,"column":4},"end":{"line":96,"column":5}},{"start":{},"end":{}}],"line":94},"14":{"loc":{"start":{"line":99,"column":2},"end":{"line":104,"column":3}},"type":"if","locations":[{"start":{"line":99,"column":2},"end":{"line":104,"column":3}},{"start":{},"end":{}}],"line":99},"15":{"loc":{"start":{"line":100,"column":4},"end":{"line":102,"column":5}},"type":"if","locations":[{"start":{"line":100,"column":4},"end":{"line":102,"column":5}},{"start":{},"end":{}}],"line":100},"16":{"loc":{"start":{"line":105,"column":2},"end":{"line":107,"column":3}},"type":"if","locations":[{"start":{"line":105,"column":2},"end":{"line":107,"column":3}},{"start":{},"end":{}}],"line":105},"17":{"loc":{"start":{"line":108,"column":2},"end":{"line":110,"column":3}},"type":"if","locations":[{"start":{"line":108,"column":2},"end":{"line":110,"column":3}},{"start":{},"end":{}}],"line":108},"18":{"loc":{"start":{"line":118,"column":2},"end":{"line":120,"column":3}},"type":"if","locations":[{"start":{"line":118,"column":2},"end":{"line":120,"column":3}},{"start":{},"end":{}}],"line":118},"19":{"loc":{"start":{"line":130,"column":2},"end":{"line":132,"column":3}},"type":"if","locations":[{"start":{"line":130,"column":2},"end":{"line":132,"column":3}},{"start":{},"end":{}}],"line":130},"20":{"loc":{"start":{"line":134,"column":2},"end":{"line":136,"column":3}},"type":"if","locations":[{"start":{"line":134,"column":2},"end":{"line":136,"column":3}},{"start":{},"end":{}}],"line":134}},"s":{"0":0,"1":0,"2":0,"3":0,"4":0,"5":0,"6":0,"7":0,"8":0,"9":0,"10":0,"11":0,"12":0,"13":0,"14":0,"15":0,"16":0,"17":0,"18":0,"19":0,"20":0,"21":0,"22":0,"23":0,"24":0,"25":0,"26":0,"27":0,"28":0,"29":0,"30":0,"31":0,"32":0,"33":0,"34":0,"35":0,"36":0,"37":0,"38":0,"39":0,"40":0,"41":0,"42":0,"43":0,"44":0,"45":0,"46":0,"47":0,"48":0,"49":0},"f":{"0":0,"1":0,"2":0,"3":0,"4":0,"5":0},"b":{"0":[0,0],"1":[0,0],"2":[0,0],"3":[0],"4":[0,0],"5":[0],"6":[0],"7":[0],"8":[0,0],"9":[0,0],"10":[0,0],"11":[0,0],"12":[0,0],"13":[0,0],"14":[0,0],"15":[0,0],"16":[0,0],"17":[0,0],"18":[0,0],"19":[0,0],"20":[0,0]},"_coverageSchema":"1a1c01bbd47fc00a2c39e90264f33305004495a9","hash":"f6d2973f6e0ceafd10819bdffb38c763a889d0cd"}
,"C:\\Users\\FreemaX94\\Desktop\\api-pousse\\backend\\utils\\createError.js": {"path":"C:\\Users\\FreemaX94\\Desktop\\api-pousse\\backend\\utils\\createError.js","statementMap":{"0":{"start":{"line":12,"column":2},"end":{"line":12,"column":46}}},"fnMap":{"0":{"name":"createError","decl":{"start":{"line":11,"column":24},"end":{"line":11,"column":35}},"loc":{"start":{"line":11,"column":57},"end":{"line":13,"column":1}},"line":11}},"branchMap":{},"s":{"0":5},"f":{"0":5},"b":{},"_coverageSchema":"1a1c01bbd47fc00a2c39e90264f33305004495a9","hash":"873dc0646bba7b5394765653cabccbb6f54bf17f"}
}
