TN:
SF:controllers\authController.js
FN:8,register
FN:37,login
FN:71,me
FN:99,logout
FN:111,activate
FNF:5
FNH:3
FNDA:2,register
FNDA:3,login
FNDA:0,me
FNDA:0,logout
FNDA:2,activate
DA:9,2
DA:10,2
DA:11,2
DA:12,0
DA:14,2
DA:15,0
DA:17,2
DA:18,0
DA:20,2
DA:21,2
DA:22,1
DA:24,1
DA:25,1
DA:30,1
DA:38,3
DA:39,3
DA:40,3
DA:41,0
DA:43,3
DA:44,3
DA:45,1
DA:47,2
DA:48,2
DA:49,1
DA:51,1
DA:56,1
DA:62,1
DA:64,2
DA:72,0
DA:73,0
DA:74,0
DA:75,0
DA:78,0
DA:79,0
DA:81,0
DA:83,0
DA:84,0
DA:85,0
DA:87,0
DA:92,0
DA:100,0
DA:105,0
DA:112,2
DA:113,2
DA:114,0
DA:116,2
DA:117,2
DA:118,1
DA:119,1
DA:120,0
DA:122,1
DA:123,0
DA:125,1
DA:126,1
DA:127,1
DA:129,1
LF:56
LH:35
BRDA:11,0,0,0
BRDA:11,0,1,2
BRDA:11,1,0,2
BRDA:11,1,1,2
BRDA:14,2,0,0
BRDA:14,2,1,2
BRDA:17,3,0,0
BRDA:17,3,1,2
BRDA:21,4,0,1
BRDA:21,4,1,1
BRDA:40,5,0,0
BRDA:40,5,1,3
BRDA:40,6,0,3
BRDA:40,6,1,3
BRDA:44,7,0,1
BRDA:44,7,1,2
BRDA:48,8,0,1
BRDA:48,8,1,1
BRDA:54,9,0,1
BRDA:54,9,1,1
BRDA:74,10,0,0
BRDA:74,10,1,0
BRDA:84,11,0,0
BRDA:84,11,1,0
BRDA:113,12,0,0
BRDA:113,12,1,2
BRDA:119,13,0,0
BRDA:119,13,1,1
BRDA:122,14,0,0
BRDA:122,14,1,1
BRF:30
BRH:19
end_of_record
TN:
SF:controllers\deliveryController.js
FN:11,(anonymous_0)
FN:27,(anonymous_1)
FNF:2
FNH:0
FNDA:0,(anonymous_0)
FNDA:0,(anonymous_1)
DA:4,4
DA:11,4
DA:12,0
DA:13,0
DA:14,0
DA:16,0
DA:20,4
DA:27,4
DA:28,0
DA:29,0
DA:30,0
DA:32,0
LF:12
LH:4
BRF:0
BRH:0
end_of_record
TN:
SF:middlewares\adminMiddleware.js
FN:3,adminMiddleware
FNF:1
FNH:0
FNDA:0,adminMiddleware
DA:4,0
DA:5,0
DA:7,0
DA:8,0
DA:10,0
LF:5
LH:0
BRDA:4,0,0,0
BRDA:4,0,1,0
BRDA:7,1,0,0
BRDA:7,1,1,0
BRF:4
BRH:0
end_of_record
TN:
SF:middlewares\authMiddleware.js
FN:8,authMiddleware
FNF:1
FNH:1
FNDA:1,authMiddleware
DA:9,1
DA:10,1
DA:12,1
DA:13,0
DA:16,1
DA:17,0
DA:20,1
DA:21,1
DA:22,0
DA:23,0
DA:24,0
DA:26,0
DA:27,0
DA:29,1
DA:30,0
DA:32,1
DA:33,1
DA:35,0
LF:18
LH:9
BRDA:10,0,0,1
BRDA:10,0,1,0
BRDA:10,0,2,0
BRDA:12,1,0,0
BRDA:12,1,1,1
BRDA:16,2,0,0
BRDA:16,2,1,1
BRDA:23,3,0,0
BRDA:23,3,1,0
BRDA:29,4,0,0
BRDA:29,4,1,1
BRDA:32,5,0,1
BRDA:32,5,1,0
BRF:13
BRH:5
end_of_record
TN:
SF:models\contractModel.js
FN:12,(anonymous_0)
FNF:1
FNH:1
FNDA:1,(anonymous_0)
DA:2,1
DA:4,1
DA:12,1
DA:13,1
DA:14,0
DA:16,1
LF:6
LH:5
BRDA:13,0,0,0
BRDA:13,0,1,1
BRF:2
BRH:1
end_of_record
TN:
SF:models\deliveryModel.js
FNF:0
FNH:0
DA:2,4
DA:4,4
LF:2
LH:2
BRF:0
BRH:0
end_of_record
TN:
SF:models\userModel.js
FN:29,(anonymous_0)
FN:37,(anonymous_1)
FNF:2
FNH:2
FNDA:4,(anonymous_0)
FNDA:2,(anonymous_1)
DA:3,4
DA:5,4
DA:29,4
DA:30,4
DA:31,3
DA:32,3
DA:33,3
DA:34,3
DA:37,4
DA:38,2
LF:10
LH:10
BRDA:30,0,0,1
BRDA:30,0,1,3
BRDA:31,1,0,3
BRDA:31,1,1,3
BRF:4
BRH:4
end_of_record
TN:
SF:models\vehicleModel.js
FNF:0
FNH:0
DA:2,1
DA:4,1
LF:2
LH:2
BRF:0
BRH:0
end_of_record
TN:
SF:routes\authRoutes.js
FNF:0
FNH:0
DA:11,4
DA:13,4
DA:14,4
DA:15,4
DA:16,4
DA:17,4
LF:6
LH:6
BRF:0
BRH:0
end_of_record
TN:
SF:routes\deliveryRoutes.js
FNF:0
FNH:0
DA:6,4
DA:8,4
DA:9,4
LF:3
LH:3
BRF:0
BRH:0
end_of_record
TN:
SF:routes\server.js
FN:11,(anonymous_0)
FN:23,(anonymous_1)
FNF:2
FNH:2
FNDA:1,(anonymous_0)
FNDA:1,(anonymous_1)
DA:9,4
DA:10,4
DA:11,4
DA:12,1
DA:14,4
DA:16,4
DA:18,4
DA:19,4
DA:23,4
DA:24,1
LF:10
LH:10
BRF:0
BRH:0
end_of_record
TN:
SF:services\deliveryService.js
FN:11,createDelivery
FN:38,countDeliveries
FN:49,listDeliveries
FN:71,getDeliveryById
FN:88,updateDelivery
FN:129,deleteDelivery
FNF:6
FNH:0
FNDA:0,createDelivery
FNDA:0,countDeliveries
FNDA:0,listDeliveries
FNDA:0,getDeliveryById
FNDA:0,updateDelivery
FNDA:0,deleteDelivery
DA:13,0
DA:14,0
DA:16,0
DA:17,0
DA:19,0
DA:20,0
DA:23,0
DA:29,0
DA:30,0
DA:39,0
DA:40,0
DA:41,0
DA:50,0
DA:51,0
DA:53,0
DA:54,0
DA:63,0
DA:72,0
DA:73,0
DA:75,0
DA:76,0
DA:77,0
DA:79,0
DA:89,0
DA:90,0
DA:92,0
DA:93,0
DA:94,0
DA:95,0
DA:97,0
DA:99,0
DA:100,0
DA:101,0
DA:103,0
DA:105,0
DA:106,0
DA:108,0
DA:109,0
DA:112,0
DA:118,0
DA:119,0
DA:121,0
DA:130,0
DA:131,0
DA:133,0
DA:134,0
DA:135,0
DA:137,0
LF:48
LH:0
BRDA:13,0,0,0
BRDA:13,0,1,0
BRDA:16,1,0,0
BRDA:16,1,1,0
BRDA:19,2,0,0
BRDA:19,2,1,0
BRDA:38,3,0,0
BRDA:40,4,0,0
BRDA:40,4,1,0
BRDA:49,5,0,0
BRDA:49,6,0,0
BRDA:49,7,0,0
BRDA:51,8,0,0
BRDA:51,8,1,0
BRDA:72,9,0,0
BRDA:72,9,1,0
BRDA:76,10,0,0
BRDA:76,10,1,0
BRDA:89,11,0,0
BRDA:89,11,1,0
BRDA:93,12,0,0
BRDA:93,12,1,0
BRDA:94,13,0,0
BRDA:94,13,1,0
BRDA:99,14,0,0
BRDA:99,14,1,0
BRDA:100,15,0,0
BRDA:100,15,1,0
BRDA:105,16,0,0
BRDA:105,16,1,0
BRDA:108,17,0,0
BRDA:108,17,1,0
BRDA:118,18,0,0
BRDA:118,18,1,0
BRDA:130,19,0,0
BRDA:130,19,1,0
BRDA:134,20,0,0
BRDA:134,20,1,0
BRF:38
BRH:0
end_of_record
TN:
SF:utils\createError.js
FN:11,createError
FNF:1
FNH:1
FNDA:5,createError
DA:12,5
LF:1
LH:1
BRF:0
BRH:0
end_of_record
